2022.03.09 10:14:47 INFO  tracing is disabled for protocol LSP, to enable tracing of incoming and outgoing JSON messages create an empty file at /Users/paulhechinger/03data_mafia/spark_shokunin/scala_app2/.metals/lsp.trace.json or /Users/paulhechinger/Library/Caches/org.scalameta.metals/lsp.trace.json
2022.03.09 10:14:48 INFO  logging to file /Users/paulhechinger/03data_mafia/spark_shokunin/scala_app2/.metals/metals.log
2022.03.09 10:14:48 INFO  Started: Metals version 0.11.2 in workspace '/Users/paulhechinger/03data_mafia/spark_shokunin/scala_app2' for client Visual Studio Code 1.65.0.
2022.03.09 10:14:48 INFO  Parse release: 1.8.0_292
2022.03.09 10:14:50 INFO  time: initialize in 1.68s
2022.03.09 10:14:50 WARN  Build server is not auto-connectable.
2022.03.09 10:14:51 WARN  no build target for: /Users/paulhechinger/03data_mafia/spark_shokunin/scala_app2/app/src/main/scala/scala_app2/App.scala
2022.03.09 10:14:54 INFO  running '/Users/paulhechinger/03data_mafia/spark_shokunin/scala_app2/gradlew --console=plain --init-script /var/folders/75/g10wqd4x6bz46qvgpxxmfht40000gn/T/metals1388339711136114305/init-script.gradle bloopInstall'
2022.03.09 10:14:56 INFO  Starting a Gradle Daemon, 8 busy and 1 incompatible and 2 stopped Daemons could not be reused, use --status for details
2022.03.09 10:14:56 INFO  no build target found for /Users/paulhechinger/03data_mafia/spark_shokunin/scala_app2/app/src/main/scala/scala_app2/App.scala. Using presentation compiler with project's scala-library version: 3.1.1
2022.03.09 10:14:58 INFO  time: code lens generation in 4.33s
2022.03.09 10:14:58 INFO  time: code lens generation in 6.38s
2022.03.09 10:15:09 INFO  > Task :configureBloopInstall
2022.03.09 10:15:09 INFO  > Task :bloopInstall
2022.03.09 10:15:16 INFO  > Task :app:configureBloopInstall
2022.03.09 10:15:29 INFO  > Task :app:bloopInstall
2022.03.09 10:15:29 INFO  
2022.03.09 10:15:29 INFO  Deprecated Gradle features were used in this build, making it incompatible with Gradle 8.0.
2022.03.09 10:15:29 INFO  
2022.03.09 10:15:29 INFO  You can use '--warning-mode all' to show the individual deprecation warnings and determine if they come from your own scripts or plugins.
2022.03.09 10:15:29 INFO  
2022.03.09 10:15:29 INFO  See https://docs.gradle.org/7.4/userguide/command_line_interface.html#sec:command_line_warnings
2022.03.09 10:15:29 INFO  
2022.03.09 10:15:29 INFO  BUILD SUCCESSFUL in 34s
2022.03.09 10:15:29 INFO  4 actionable tasks: 4 executed
2022.03.09 10:15:30 INFO  time: ran 'gradle bloopInstall' in 35s
2022.03.09 10:15:30 INFO  Attempting to connect to the build server...
2022.03.09 10:15:52 INFO  tracing is disabled for protocol BSP, to enable tracing of incoming and outgoing JSON messages create an empty file at /Users/paulhechinger/03data_mafia/spark_shokunin/scala_app2/.metals/bsp.trace.json or /Users/paulhechinger/Library/Caches/org.scalameta.metals/bsp.trace.json
2022.03.09 10:15:58 INFO  time: Connected to build server in 28s
2022.03.09 10:15:58 INFO  Connected to Build server: Bloop v1.4.13
2022.03.09 10:15:58 INFO  time: Imported build in 0.14s
2022.03.09 10:16:08 INFO  time: indexed workspace in 9.89s
2022.03.09 10:16:09 INFO  compiling app (1 scala source)
2022.03.09 10:16:37 INFO  compiling app-test (1 scala source)
2022.03.09 10:16:37 INFO  time: compiled app in 28s
2022.03.09 10:16:39 INFO  time: compiled app-test in 1.86s
2022.03.10 17:40:44 INFO  shutting down Metals
2022.03.10 17:40:45 INFO  Shut down connection with build server.
