[0m2021.12.25 14:46:36 INFO  Started: Metals version 0.10.9 in workspace '/Users/paulhechinger/01Scala/playground1' for client Visual Studio Code 1.63.2.[0m
[0m2021.12.25 14:46:37 INFO  time: initialize in 0.68s[0m
[0m2021.12.25 14:46:37 WARN  Build server is not auto-connectable.[0m
[0m2021.12.25 14:47:00 INFO  shutting down Metals[0m
[0m2021.12.26 10:11:01 INFO  Started: Metals version 0.10.9 in workspace '/Users/paulhechinger/01Scala/playground1' for client Visual Studio Code 1.63.2.[0m
[0m2021.12.26 10:11:02 INFO  time: initialize in 0.71s[0m
[0m2021.12.26 10:11:02 WARN  Build server is not auto-connectable.[0m
[0m2021.12.26 10:11:02 INFO  skipping build import with status 'Requested'[0m
Dec 26, 2021 10:11:50 AM org.eclipse.lsp4j.jsonrpc.services.GenericEndpoint notify
INFO: Unsupported notification method: $/setTrace
Dec 26, 2021 10:11:50 AM org.eclipse.lsp4j.jsonrpc.services.GenericEndpoint notify
INFO: Unsupported notification method: $/setTrace
[0m2021.12.26 14:32:56 INFO  Started: Metals version 0.10.9 in workspace '/Users/paulhechinger/01Scala/playground1' for client Visual Studio Code 1.63.2.[0m
[0m2021.12.26 14:32:57 INFO  time: initialize in 0.78s[0m
[0m2021.12.26 14:33:01 WARN  Build server is not auto-connectable.[0m
[0m2021.12.26 14:33:02 INFO  skipping build import with status 'Requested'[0m
[0m2021.12.26 18:35:46 INFO  shutting down Metals[0m
[0m2021.12.26 18:43:35 INFO  Started: Metals version 0.10.9 in workspace '/Users/paulhechinger/01Scala/playground1' for client Visual Studio Code 1.63.2.[0m
[0m2021.12.26 18:43:35 INFO  time: initialize in 0.66s[0m
[0m2021.12.26 18:43:36 WARN  Build server is not auto-connectable.[0m
[0m2021.12.26 18:43:36 INFO  skipping build import with status 'Requested'[0m
[0m2021.12.26 18:59:23 INFO  shutting down Metals[0m
[0m2021.12.26 19:10:22 INFO  Started: Metals version 0.10.9 in workspace '/Users/paulhechinger/01Scala/playground1' for client Visual Studio Code 1.63.2.[0m
[0m2021.12.26 19:10:23 INFO  time: initialize in 0.65s[0m
[0m2021.12.26 19:10:23 WARN  Build server is not auto-connectable.[0m
[0m2021.12.26 19:10:24 INFO  skipping build import with status 'Requested'[0m
[0m2021.12.26 19:23:13 INFO  shutting down Metals[0m
[0m2021.12.26 19:23:51 INFO  Started: Metals version 0.10.9 in workspace '/Users/paulhechinger/01Scala/playground1' for client Visual Studio Code 1.63.2.[0m
[0m2021.12.26 19:23:52 INFO  time: initialize in 0.64s[0m
[0m2021.12.26 19:23:52 WARN  Build server is not auto-connectable.[0m
[0m2021.12.26 19:23:52 INFO  skipping build import with status 'Requested'[0m
Dec 26, 2021 7:25:12 PM org.eclipse.lsp4j.jsonrpc.services.GenericEndpoint notify
INFO: Unsupported notification method: $/setTrace
Dec 26, 2021 7:25:16 PM org.eclipse.lsp4j.jsonrpc.services.GenericEndpoint notify
INFO: Unsupported notification method: $/setTrace
[0m2021.12.26 19:33:37 INFO  shutting down Metals[0m
2022.01.16 14:22:51 INFO  tracing is disabled for protocol LSP, to enable tracing of incoming and outgoing JSON messages create an empty file at /Users/paulhechinger/01Scala/playground1/.metals/lsp.trace.json or /Users/paulhechinger/Library/Caches/org.scalameta.metals/lsp.trace.json
2022.01.16 14:22:52 INFO  logging to file /Users/paulhechinger/01Scala/playground1/.metals/metals.log
2022.01.16 14:22:52 INFO  Started: Metals version 0.11.0 in workspace '/Users/paulhechinger/01Scala/playground1' for client Visual Studio Code 1.63.2.
2022.01.16 14:22:52 INFO  Parse release: 1.8.0_292
2022.01.16 14:22:56 INFO  time: initialize in 3.73s
2022.01.16 14:22:57 WARN  Build server is not auto-connectable.
2022.01.16 14:22:58 INFO  skipping build import with status 'Requested'
2022.01.16 14:24:30 INFO  shutting down Metals
